Build started 3/13/2019 3:41:29 PM.
     1>Project "E:\Expt_1-2\Expt_1-2\Expt_1-2.vcxproj" on node 2 (build target(s)).
     1>InitializeBuildStatus:
         Touching "Debug\Expt_1-2.unsuccessfulbuild".
       ClCompile:
         c:\Program Files (x86)\Microsoft Visual Studio 10.0\VC\bin\CL.exe /c /ZI /nologo /W3 /WX- /Od /Oy- /D _MBCS /Gm /EHsc /RTC1 /MDd /GS /fp:precise /Zc:wchar_t /Zc:forScope /Fo"Debug\\" /Fd"Debug\vc100.pdb" /Gd /TP /analyze- /errorReport:prompt "Expt_1-2.cpp"
         Expt_1-2.cpp
     1>e:\expt_1-2\expt_1-2\expt_1-2.cpp(14): error C3861: 'setprecision': identifier not found
     1>Done Building Project "E:\Expt_1-2\Expt_1-2\Expt_1-2.vcxproj" (build target(s)) -- FAILED.

Build FAILED.

Time Elapsed 00:00:01.31
