Build started 3/13/2019 4:01:07 PM.
     1>Project "E:\Expt_1-3\Expt_1-3\Expt_1-3.vcxproj" on node 2 (build target(s)).
     1>InitializeBuildStatus:
         Creating "Debug\Expt_1-3.unsuccessfulbuild" because "AlwaysCreate" was specified.
       ClCompile:
         c:\Program Files (x86)\Microsoft Visual Studio 10.0\VC\bin\CL.exe /c /ZI /nologo /W3 /WX- /Od /Oy- /D _MBCS /Gm /EHsc /RTC1 /MDd /GS /fp:precise /Zc:wchar_t /Zc:forScope /Fo"Debug\\" /Fd"Debug\vc100.pdb" /Gd /TP /analyze- /errorReport:prompt "Expt_1-3.cpp"
         Expt_1-3.cpp
     1>e:\expt_1-3\expt_1-3\expt_1-3.cpp(27): error C3861: 'setprecision': identifier not found
     1>e:\expt_1-3\expt_1-3\expt_1-3.cpp(29): warning C4552: '-' : operator has no effect; expected operator with side-effect
     1>Done Building Project "E:\Expt_1-3\Expt_1-3\Expt_1-3.vcxproj" (build target(s)) -- FAILED.

Build FAILED.

Time Elapsed 00:00:02.14
